<?xml version="1.0" encoding="UTF-8"?>
<!-- Generated by org.testng.reporters.JUnitReportReporter -->
<testsuite hostname="Monika" failures="0" tests="1" name="testCases.TC_LoginTest" time="9.335" errors="0" timestamp="2023-07-10T10:48:55 IST" skipped="0">
  <testcase classname="testCases.TC_LoginTest" name="test_login" time="9.335"/>
  <system-out/>
</testsuite> <!-- testCases.TC_LoginTest -->
